<?xml version="1.0" encoding="utf-8"?>
<Sentences>
<Sentence date="20180908" id="65567_1" sentence="True" source="NULL">
<Text>
党的十九大以来，中拉关系有了新方向，实现了新突破
</Text>
<Parse>
(ROOT

  (IP

    (DNP

      (NP (NN 党))

      (DEG 的))

    (IP

      (QP (CD 十九))

      (LCP

        (ADJP (JJ 大))

        (LC 以来))

      (PU ，)

      (NP

        (NP (NR 中) (NR 拉))

        (NP (NN 关系)))

      (VP (VE 有) (AS 了)

        (IP

          (NP

            (ADJP (JJ 新))

            (NP (NN 方向)))

          (PU ，)

          (VP (VV 实现) (AS 了)

            (NP

              (ADJP (JJ 新))

              (NP (NN 突破)))))))))
</Parse>
</Sentence>
<Sentence date="20180912" id="65588_1" sentence="True" source="NULL">
<Text>
多米尼加、萨尔瓦多同我国建立外交关系
</Text>
<Parse>
(ROOT

  (IP

    (NP (NR 多米尼加) (PU 、) (NR 萨尔瓦多))

    (VP

      (PP (P 同)

        (NP

          (NP (PN 我))

          (NP (NN 国))))

      (VP (VV 建立)

        (NP (NN 外交) (NN 关系))))))
</Parse>
</Sentence>
<Sentence date="20180912" id="65646_1" sentence="True" source="NULL">
<Text>
国家主席习近平11日在符拉迪沃斯托克和俄罗斯总统普京共同出席中俄地方领导人对话会
</Text>
<Parse>
(ROOT

  (IP

    (NP

      (NP (NN 国家) (NN 主席))

      (NP (NR 习近平)))

    (VP

      (NP (NT 11日))

      (PP (P 在)

      (ADVP (AD 共同))

        (NP

          (NP

            (NP (NR 符拉迪沃斯托克)

              (CC 和)

              (NR 俄罗斯))

            (NP (NN 总统)))

          (NP (NR 普京))))

      (VP (VV 出席)

        (NP

          (NP (NR 中) (NR 俄))

          (NP (NN 地方) (NN 领导人) (NN 对话会)))))))
</Parse>
</Sentence>
</Sentences>
