<Sentence date="20180912" id="65646_1" sentence="True" source="NULL">
<Text>
国家主席习近平11日在符拉迪沃斯托克和俄罗斯总统普京共同出席中俄地方领导人对话会
</Text>
<Parse>
(ROOT

  (IP

    (NP

      (NP (NN 国家) (NN 主席))

      (NP (NR 习近平)))

    (VP

      (NP (NT 11日))

      (PP (P 在)

        (NP

          (NP

            (NP (NR 符拉迪沃斯托克)

              (CC 和)

              (NR 俄罗斯))

            (NP (NN 总统)))

          (NP (NR 普京))))

      (ADVP (AD 共同))

      (VP (VV 出席)

        (NP

          (NP (NR 中) (NR 俄))

          (NP (NN 地方) (NN 领导人) (NN 对话会)))))))
</Parse>
</Sentence>