<?xml version="1.0" encoding="utf-8"?>
<Sentences>
<Sentence date="20180908" id="65567_1" sentence="True" source="NULL">
<Text>
习近平和普京出席对话会
</Text>
<Parse>
(ROOT

  (IP

    (NP (NR 习近平)

      (CC 和)

      (NR 普京))

    (VP (VV 出席)

      (NP (NN 对话会)))))
</Parse>
</Sentence>
</Sentences>
